Arguments: 
  /usr/local/bin/node /usr/share/yarn/bin/yarn.js add -D eslint-config-equimper eslint

PATH: 
  /home/diablo/.local/share/umake/bin:/usr/local/sbin:/usr/local/bin:/usr/sbin:/usr/bin:/sbin:/bin:/usr/games:/usr/local/games:/snap/bin:/usr/lib/jvm/java-8-oracle/bin:/usr/lib/jvm/java-8-oracle/db/bin:/usr/lib/jvm/java-8-oracle/jre/bin

Yarn version: 
  0.27.5

Node version: 
  8.0.0

Platform: 
  linux x64

npm manifest: 
  {
    "name": "sayisaltoto",
    "version": "0.0.0",
    "description": "Hello Expo!",
    "author": null,
    "private": true,
    "main": "App.js",
    "dependencies": {
      "expo": "^19.0.0",
      "native-base": "^2.3.0",
      "react": "16.0.0-alpha.12",
      "react-native": "https://github.com/expo/react-native/archive/sdk-19.0.0.tar.gz"
    }
  }

yarn manifest: 
  No manifest

Lockfile: 
  No lockfile

Trace: 
  Error: EACCES: permission denied, rmdir '/home/diablo/PycharmProjects/sayisaltoto/node_modules/native-base/node_modules/color'
